Determining if the pthread_create exist failed with the following output:
Change Dir: /home/uygarkaya/ros/catkin_ws/src/custom_massage/build/catkin_tools_prebuild/CMakeFiles/CMakeTmp

Run Build Command:"/usr/bin/make" "cmTC_2d1c1/fast"
/usr/bin/make -f CMakeFiles/cmTC_2d1c1.dir/build.make CMakeFiles/cmTC_2d1c1.dir/build
make[1]: Entering directory '/home/uygarkaya/ros/catkin_ws/src/custom_massage/build/catkin_tools_prebuild/CMakeFiles/CMakeTmp'
Building C object CMakeFiles/cmTC_2d1c1.dir/CheckSymbolExists.c.o
/usr/bin/cc    -o CMakeFiles/cmTC_2d1c1.dir/CheckSymbolExists.c.o   -c /home/uygarkaya/ros/catkin_ws/src/custom_massage/build/catkin_tools_prebuild/CMakeFiles/CMakeTmp/CheckSymbolExists.c
Linking C executable cmTC_2d1c1
/usr/bin/cmake -E cmake_link_script CMakeFiles/cmTC_2d1c1.dir/link.txt --verbose=1
/usr/bin/cc      -rdynamic CMakeFiles/cmTC_2d1c1.dir/CheckSymbolExists.c.o  -o cmTC_2d1c1 
CMakeFiles/cmTC_2d1c1.dir/CheckSymbolExists.c.o: In function `main':
CheckSymbolExists.c:(.text+0x1b): undefined reference to `pthread_create'
collect2: error: ld returned 1 exit status
CMakeFiles/cmTC_2d1c1.dir/build.make:97: recipe for target 'cmTC_2d1c1' failed
make[1]: *** [cmTC_2d1c1] Error 1
make[1]: Leaving directory '/home/uygarkaya/ros/catkin_ws/src/custom_massage/build/catkin_tools_prebuild/CMakeFiles/CMakeTmp'
Makefile:126: recipe for target 'cmTC_2d1c1/fast' failed
make: *** [cmTC_2d1c1/fast] Error 2

File /home/uygarkaya/ros/catkin_ws/src/custom_massage/build/catkin_tools_prebuild/CMakeFiles/CMakeTmp/CheckSymbolExists.c:
/* */
#include <pthread.h>

int main(int argc, char** argv)
{
  (void)argv;
#ifndef pthread_create
  return ((int*)(&pthread_create))[argc];
#else
  (void)argc;
  return 0;
#endif
}

Determining if the function pthread_create exists in the pthreads failed with the following output:
Change Dir: /home/uygarkaya/ros/catkin_ws/src/custom_massage/build/catkin_tools_prebuild/CMakeFiles/CMakeTmp

Run Build Command:"/usr/bin/make" "cmTC_e5403/fast"
/usr/bin/make -f CMakeFiles/cmTC_e5403.dir/build.make CMakeFiles/cmTC_e5403.dir/build
make[1]: Entering directory '/home/uygarkaya/ros/catkin_ws/src/custom_massage/build/catkin_tools_prebuild/CMakeFiles/CMakeTmp'
Building C object CMakeFiles/cmTC_e5403.dir/CheckFunctionExists.c.o
/usr/bin/cc   -DCHECK_FUNCTION_EXISTS=pthread_create   -o CMakeFiles/cmTC_e5403.dir/CheckFunctionExists.c.o   -c /usr/share/cmake-3.10/Modules/CheckFunctionExists.c
Linking C executable cmTC_e5403
/usr/bin/cmake -E cmake_link_script CMakeFiles/cmTC_e5403.dir/link.txt --verbose=1
/usr/bin/cc  -DCHECK_FUNCTION_EXISTS=pthread_create    -rdynamic CMakeFiles/cmTC_e5403.dir/CheckFunctionExists.c.o  -o cmTC_e5403 -lpthreads 
/usr/bin/ld: cannot find -lpthreads
collect2: error: ld returned 1 exit status
CMakeFiles/cmTC_e5403.dir/build.make:97: recipe for target 'cmTC_e5403' failed
make[1]: *** [cmTC_e5403] Error 1
make[1]: Leaving directory '/home/uygarkaya/ros/catkin_ws/src/custom_massage/build/catkin_tools_prebuild/CMakeFiles/CMakeTmp'
Makefile:126: recipe for target 'cmTC_e5403/fast' failed
make: *** [cmTC_e5403/fast] Error 2


